<?xml version="1.0" encoding="UTF-8"?>
<testsuite xmlns:xsi="http://www.w3.org/2001/XMLSchema-instance" xsi:noNamespaceSchemaLocation="https://maven.apache.org/surefire/maven-surefire-plugin/xsd/surefire-test-report.xsd" name="uts.unit.CalculatorTest" time="0.01" tests="5" errors="0" skipped="0" failures="0">
  <properties>
    <property name="java.specification.version" value="17"/>
    <property name="sun.cpu.isalist" value="amd64"/>
    <property name="sun.jnu.encoding" value="Cp1252"/>
    <property name="java.class.path" value="E:\Programas_DEV\IoTBay\target\test-classes;E:\Programas_DEV\IoTBay\target\classes;C:\Users\akram\.m2\repository\javax\javaee-api\8.0\javaee-api-8.0.jar;C:\Users\akram\.m2\repository\com\sun\mail\javax.mail\1.6.0\javax.mail-1.6.0.jar;C:\Users\akram\.m2\repository\javax\activation\activation\1.1\activation-1.1.jar;C:\Users\akram\.m2\repository\org\eclipse\jetty\jetty-server\9.4.12.v20180830\jetty-server-9.4.12.v20180830.jar;C:\Users\akram\.m2\repository\javax\servlet\javax.servlet-api\3.1.0\javax.servlet-api-3.1.0.jar;C:\Users\akram\.m2\repository\org\eclipse\jetty\jetty-http\9.4.12.v20180830\jetty-http-9.4.12.v20180830.jar;C:\Users\akram\.m2\repository\org\eclipse\jetty\jetty-util\9.4.12.v20180830\jetty-util-9.4.12.v20180830.jar;C:\Users\akram\.m2\repository\org\eclipse\jetty\jetty-io\9.4.12.v20180830\jetty-io-9.4.12.v20180830.jar;C:\Users\akram\.m2\repository\org\junit\jupiter\junit-jupiter-api\5.2.0\junit-jupiter-api-5.2.0.jar;C:\Users\akram\.m2\repository\org\apiguardian\apiguardian-api\1.0.0\apiguardian-api-1.0.0.jar;C:\Users\akram\.m2\repository\org\opentest4j\opentest4j\1.1.0\opentest4j-1.1.0.jar;C:\Users\akram\.m2\repository\org\junit\platform\junit-platform-commons\1.2.0\junit-platform-commons-1.2.0.jar;C:\Users\akram\.m2\repository\org\junit\jupiter\junit-jupiter-params\5.2.0\junit-jupiter-params-5.2.0.jar;C:\Users\akram\.m2\repository\org\junit\jupiter\junit-jupiter-engine\5.2.0\junit-jupiter-engine-5.2.0.jar;C:\Users\akram\.m2\repository\org\junit\platform\junit-platform-engine\1.2.0\junit-platform-engine-1.2.0.jar;C:\Users\akram\.m2\repository\org\hamcrest\hamcrest-core\1.3\hamcrest-core-1.3.jar;C:\Users\akram\.m2\repository\org\mockito\mockito-junit-jupiter\2.21.0\mockito-junit-jupiter-2.21.0.jar;C:\Users\akram\.m2\repository\org\mockito\mockito-core\2.21.0\mockito-core-2.21.0.jar;C:\Users\akram\.m2\repository\net\bytebuddy\byte-buddy\1.8.15\byte-buddy-1.8.15.jar;C:\Users\akram\.m2\repository\net\bytebuddy\byte-buddy-agent\1.8.15\byte-buddy-agent-1.8.15.jar;C:\Users\akram\.m2\repository\org\objenesis\objenesis\2.6\objenesis-2.6.jar;"/>
    <property name="java.vm.vendor" value="OpenLogic"/>
    <property name="sun.arch.data.model" value="64"/>
    <property name="user.variant" value=""/>
    <property name="java.vendor.url" value="https://openlogic.com/"/>
    <property name="user.timezone" value="Australia/Sydney"/>
    <property name="os.name" value="Windows 11"/>
    <property name="java.vm.specification.version" value="17"/>
    <property name="sun.java.launcher" value="SUN_STANDARD"/>
    <property name="user.country" value="ES"/>
    <property name="sun.boot.library.path" value="C:\Program Files\OpenLogic\jdk-17.0.10.7-hotspot\bin"/>
    <property name="sun.java.command" value="C:\Users\akram\AppData\Local\Temp\surefire12457117886932649584\surefirebooter17886867647638085317.jar C:\Users\akram\AppData\Local\Temp\surefire12457117886932649584 2024-03-28T16-23-27_998-jvmRun1 surefire6242510913034739591tmp surefire_012749294441599670693tmp"/>
    <property name="jdk.debug" value="release"/>
    <property name="surefire.test.class.path" value="E:\Programas_DEV\IoTBay\target\test-classes;E:\Programas_DEV\IoTBay\target\classes;C:\Users\akram\.m2\repository\javax\javaee-api\8.0\javaee-api-8.0.jar;C:\Users\akram\.m2\repository\com\sun\mail\javax.mail\1.6.0\javax.mail-1.6.0.jar;C:\Users\akram\.m2\repository\javax\activation\activation\1.1\activation-1.1.jar;C:\Users\akram\.m2\repository\org\eclipse\jetty\jetty-server\9.4.12.v20180830\jetty-server-9.4.12.v20180830.jar;C:\Users\akram\.m2\repository\javax\servlet\javax.servlet-api\3.1.0\javax.servlet-api-3.1.0.jar;C:\Users\akram\.m2\repository\org\eclipse\jetty\jetty-http\9.4.12.v20180830\jetty-http-9.4.12.v20180830.jar;C:\Users\akram\.m2\repository\org\eclipse\jetty\jetty-util\9.4.12.v20180830\jetty-util-9.4.12.v20180830.jar;C:\Users\akram\.m2\repository\org\eclipse\jetty\jetty-io\9.4.12.v20180830\jetty-io-9.4.12.v20180830.jar;C:\Users\akram\.m2\repository\org\junit\jupiter\junit-jupiter-api\5.2.0\junit-jupiter-api-5.2.0.jar;C:\Users\akram\.m2\repository\org\apiguardian\apiguardian-api\1.0.0\apiguardian-api-1.0.0.jar;C:\Users\akram\.m2\repository\org\opentest4j\opentest4j\1.1.0\opentest4j-1.1.0.jar;C:\Users\akram\.m2\repository\org\junit\platform\junit-platform-commons\1.2.0\junit-platform-commons-1.2.0.jar;C:\Users\akram\.m2\repository\org\junit\jupiter\junit-jupiter-params\5.2.0\junit-jupiter-params-5.2.0.jar;C:\Users\akram\.m2\repository\org\junit\jupiter\junit-jupiter-engine\5.2.0\junit-jupiter-engine-5.2.0.jar;C:\Users\akram\.m2\repository\org\junit\platform\junit-platform-engine\1.2.0\junit-platform-engine-1.2.0.jar;C:\Users\akram\.m2\repository\org\hamcrest\hamcrest-core\1.3\hamcrest-core-1.3.jar;C:\Users\akram\.m2\repository\org\mockito\mockito-junit-jupiter\2.21.0\mockito-junit-jupiter-2.21.0.jar;C:\Users\akram\.m2\repository\org\mockito\mockito-core\2.21.0\mockito-core-2.21.0.jar;C:\Users\akram\.m2\repository\net\bytebuddy\byte-buddy\1.8.15\byte-buddy-1.8.15.jar;C:\Users\akram\.m2\repository\net\bytebuddy\byte-buddy-agent\1.8.15\byte-buddy-agent-1.8.15.jar;C:\Users\akram\.m2\repository\org\objenesis\objenesis\2.6\objenesis-2.6.jar;"/>
    <property name="sun.cpu.endian" value="little"/>
    <property name="user.home" value="C:\Users\akram"/>
    <property name="user.language" value="es"/>
    <property name="java.specification.vendor" value="Oracle Corporation"/>
    <property name="java.version.date" value="2024-01-16"/>
    <property name="java.home" value="C:\Program Files\OpenLogic\jdk-17.0.10.7-hotspot"/>
    <property name="file.separator" value="\"/>
    <property name="basedir" value="E:\Programas_DEV\IoTBay"/>
    <property name="java.vm.compressedOopsMode" value="Zero based"/>
    <property name="line.separator" value="&#10;"/>
    <property name="java.vm.specification.vendor" value="Oracle Corporation"/>
    <property name="java.specification.name" value="Java Platform API Specification"/>
    <property name="surefire.real.class.path" value="C:\Users\akram\AppData\Local\Temp\surefire12457117886932649584\surefirebooter17886867647638085317.jar"/>
    <property name="user.script" value=""/>
    <property name="sun.management.compiler" value="HotSpot 64-Bit Tiered Compilers"/>
    <property name="java.runtime.version" value="17.0.10+7-adhoc..jdk17u"/>
    <property name="user.name" value="akram"/>
    <property name="path.separator" value=";"/>
    <property name="os.version" value="10.0"/>
    <property name="java.runtime.name" value="OpenJDK Runtime Environment"/>
    <property name="file.encoding" value="Cp1252"/>
    <property name="java.vm.name" value="OpenJDK 64-Bit Server VM"/>
    <property name="java.vendor.version" value="OpenLogic-OpenJDK"/>
    <property name="localRepository" value="C:\Users\akram\.m2\repository"/>
    <property name="java.vendor.url.bug" value="https://techsupport.roguewave.com/"/>
    <property name="java.io.tmpdir" value="C:\Users\akram\AppData\Local\Temp\"/>
    <property name="java.version" value="17.0.10"/>
    <property name="user.dir" value="E:\Programas_DEV\IoTBay"/>
    <property name="os.arch" value="amd64"/>
    <property name="java.vm.specification.name" value="Java Virtual Machine Specification"/>
    <property name="sun.os.patch.level" value=""/>
    <property name="native.encoding" value="Cp1252"/>
    <property name="java.library.path" value="C:\Program Files\OpenLogic\jdk-17.0.10.7-hotspot\bin;C:\WINDOWS\Sun\Java\bin;C:\WINDOWS\system32;C:\WINDOWS;C:\Program Files (x86)\VMware\VMware Workstation\bin\;C:\Program Files\OpenLogic\jdk-17.0.10.7-hotspot\bin;C:\Program Files\ImageMagick-7.1.1-Q16-HDRI;C:\WINDOWS\system32;C:\WINDOWS;C:\WINDOWS\System32\Wbem;C:\WINDOWS\System32\WindowsPowerShell\v1.0\;C:\WINDOWS\System32\OpenSSH\;E:\Archivos de Programa\Git\cmd;C:\Program Files\Docker\Docker\resources\bin;C:\Program Files\nodejs\;C:\ProgramData\chocolatey\bin;E:\Archivos de Programa\Matlab\bin;C:\Users\akram\AppData\Local\Programs\Python\Launcher\;C:\Users\akram\AppData\Local\Microsoft\WindowsApps;E:\Archivos de Programa\Microsoft VS Code\bin;C:\Users\akram\AppData\Local\Microsoft\WinGet\Packages\Gyan.FFmpeg_Microsoft.Winget.Source_8wekyb3d8bbwe\ffmpeg-6.1.1-full_build\bin;C:\Users\akram\AppData\Roaming\npm;C:\Users\akram\AppData\Local\GitHubDesktop\bin;C:\Program Files\apache-maven-3.9.6\bin;."/>
    <property name="java.vm.info" value="mixed mode, sharing"/>
    <property name="java.vendor" value="OpenLogic"/>
    <property name="java.vm.version" value="17.0.10+7-adhoc..jdk17u"/>
    <property name="sun.io.unicode.encoding" value="UnicodeLittle"/>
    <property name="java.class.version" value="61.0"/>
  </properties>
  <testcase name="testAdd" classname="uts.unit.CalculatorTest" time="0.003"/>
  <testcase name="testMul" classname="uts.unit.CalculatorTest" time="0"/>
  <testcase name="testPow" classname="uts.unit.CalculatorTest" time="0.001"/>
  <testcase name="testSub" classname="uts.unit.CalculatorTest" time="0"/>
  <testcase name="evaluatesExpression" classname="uts.unit.CalculatorTest" time="0"/>
</testsuite>