<?xml version="1.0" encoding="UTF-8"?>
<testsuite xmlns:xsi="http://www.w3.org/2001/XMLSchema-instance" xsi:noNamespaceSchemaLocation="https://maven.apache.org/surefire/maven-surefire-plugin/xsd/surefire-test-report.xsd" name="uts.unit.CalculatorTest" time="0.008" tests="5" errors="0" skipped="0" failures="0">
  <properties>
    <property name="java.specification.version" value="21"/>
    <property name="sun.jnu.encoding" value="UTF-8"/>
    <property name="java.class.path" value="/Users/ahmadyawari/Desktop/Uni/AUTUMN 2024/ISD/IoTBay/target/test-classes:/Users/ahmadyawari/Desktop/Uni/AUTUMN 2024/ISD/IoTBay/target/classes:/Users/ahmadyawari/.m2/repository/javax/javaee-api/8.0/javaee-api-8.0.jar:/Users/ahmadyawari/.m2/repository/com/sun/mail/javax.mail/1.6.0/javax.mail-1.6.0.jar:/Users/ahmadyawari/.m2/repository/javax/activation/activation/1.1/activation-1.1.jar:/Users/ahmadyawari/.m2/repository/org/eclipse/jetty/jetty-server/9.4.12.v20180830/jetty-server-9.4.12.v20180830.jar:/Users/ahmadyawari/.m2/repository/javax/servlet/javax.servlet-api/3.1.0/javax.servlet-api-3.1.0.jar:/Users/ahmadyawari/.m2/repository/org/eclipse/jetty/jetty-http/9.4.12.v20180830/jetty-http-9.4.12.v20180830.jar:/Users/ahmadyawari/.m2/repository/org/eclipse/jetty/jetty-util/9.4.12.v20180830/jetty-util-9.4.12.v20180830.jar:/Users/ahmadyawari/.m2/repository/org/eclipse/jetty/jetty-io/9.4.12.v20180830/jetty-io-9.4.12.v20180830.jar:/Users/ahmadyawari/.m2/repository/org/junit/jupiter/junit-jupiter-api/5.2.0/junit-jupiter-api-5.2.0.jar:/Users/ahmadyawari/.m2/repository/org/apiguardian/apiguardian-api/1.0.0/apiguardian-api-1.0.0.jar:/Users/ahmadyawari/.m2/repository/org/opentest4j/opentest4j/1.1.0/opentest4j-1.1.0.jar:/Users/ahmadyawari/.m2/repository/org/junit/platform/junit-platform-commons/1.2.0/junit-platform-commons-1.2.0.jar:/Users/ahmadyawari/.m2/repository/org/junit/jupiter/junit-jupiter-params/5.2.0/junit-jupiter-params-5.2.0.jar:/Users/ahmadyawari/.m2/repository/org/junit/jupiter/junit-jupiter-engine/5.2.0/junit-jupiter-engine-5.2.0.jar:/Users/ahmadyawari/.m2/repository/org/junit/platform/junit-platform-engine/1.2.0/junit-platform-engine-1.2.0.jar:/Users/ahmadyawari/.m2/repository/org/hamcrest/hamcrest-core/1.3/hamcrest-core-1.3.jar:/Users/ahmadyawari/.m2/repository/org/mockito/mockito-junit-jupiter/2.21.0/mockito-junit-jupiter-2.21.0.jar:/Users/ahmadyawari/.m2/repository/org/mockito/mockito-core/2.21.0/mockito-core-2.21.0.jar:/Users/ahmadyawari/.m2/repository/net/bytebuddy/byte-buddy/1.8.15/byte-buddy-1.8.15.jar:/Users/ahmadyawari/.m2/repository/net/bytebuddy/byte-buddy-agent/1.8.15/byte-buddy-agent-1.8.15.jar:/Users/ahmadyawari/.m2/repository/org/objenesis/objenesis/2.6/objenesis-2.6.jar:"/>
    <property name="java.vm.vendor" value="Oracle Corporation"/>
    <property name="sun.arch.data.model" value="64"/>
    <property name="java.vendor.url" value="https://java.oracle.com/"/>
    <property name="os.name" value="Mac OS X"/>
    <property name="java.vm.specification.version" value="21"/>
    <property name="sun.java.launcher" value="SUN_STANDARD"/>
    <property name="user.country" value="AU"/>
    <property name="sun.boot.library.path" value="/Library/Java/JavaVirtualMachines/jdk-21.jdk/Contents/Home/lib"/>
    <property name="sun.java.command" value="/Users/ahmadyawari/Desktop/Uni/AUTUMN 2024/ISD/IoTBay/target/surefire/surefirebooter15351125675652640189.jar /Users/ahmadyawari/Desktop/Uni/AUTUMN 2024/ISD/IoTBay/target/surefire 2024-03-24T20-34-58_033-jvmRun1 surefire6995522053200807789tmp surefire_08665910416502780000tmp"/>
    <property name="http.nonProxyHosts" value="local|*.local|169.254/16|*.169.254/16"/>
    <property name="jdk.debug" value="release"/>
    <property name="surefire.test.class.path" value="/Users/ahmadyawari/Desktop/Uni/AUTUMN 2024/ISD/IoTBay/target/test-classes:/Users/ahmadyawari/Desktop/Uni/AUTUMN 2024/ISD/IoTBay/target/classes:/Users/ahmadyawari/.m2/repository/javax/javaee-api/8.0/javaee-api-8.0.jar:/Users/ahmadyawari/.m2/repository/com/sun/mail/javax.mail/1.6.0/javax.mail-1.6.0.jar:/Users/ahmadyawari/.m2/repository/javax/activation/activation/1.1/activation-1.1.jar:/Users/ahmadyawari/.m2/repository/org/eclipse/jetty/jetty-server/9.4.12.v20180830/jetty-server-9.4.12.v20180830.jar:/Users/ahmadyawari/.m2/repository/javax/servlet/javax.servlet-api/3.1.0/javax.servlet-api-3.1.0.jar:/Users/ahmadyawari/.m2/repository/org/eclipse/jetty/jetty-http/9.4.12.v20180830/jetty-http-9.4.12.v20180830.jar:/Users/ahmadyawari/.m2/repository/org/eclipse/jetty/jetty-util/9.4.12.v20180830/jetty-util-9.4.12.v20180830.jar:/Users/ahmadyawari/.m2/repository/org/eclipse/jetty/jetty-io/9.4.12.v20180830/jetty-io-9.4.12.v20180830.jar:/Users/ahmadyawari/.m2/repository/org/junit/jupiter/junit-jupiter-api/5.2.0/junit-jupiter-api-5.2.0.jar:/Users/ahmadyawari/.m2/repository/org/apiguardian/apiguardian-api/1.0.0/apiguardian-api-1.0.0.jar:/Users/ahmadyawari/.m2/repository/org/opentest4j/opentest4j/1.1.0/opentest4j-1.1.0.jar:/Users/ahmadyawari/.m2/repository/org/junit/platform/junit-platform-commons/1.2.0/junit-platform-commons-1.2.0.jar:/Users/ahmadyawari/.m2/repository/org/junit/jupiter/junit-jupiter-params/5.2.0/junit-jupiter-params-5.2.0.jar:/Users/ahmadyawari/.m2/repository/org/junit/jupiter/junit-jupiter-engine/5.2.0/junit-jupiter-engine-5.2.0.jar:/Users/ahmadyawari/.m2/repository/org/junit/platform/junit-platform-engine/1.2.0/junit-platform-engine-1.2.0.jar:/Users/ahmadyawari/.m2/repository/org/hamcrest/hamcrest-core/1.3/hamcrest-core-1.3.jar:/Users/ahmadyawari/.m2/repository/org/mockito/mockito-junit-jupiter/2.21.0/mockito-junit-jupiter-2.21.0.jar:/Users/ahmadyawari/.m2/repository/org/mockito/mockito-core/2.21.0/mockito-core-2.21.0.jar:/Users/ahmadyawari/.m2/repository/net/bytebuddy/byte-buddy/1.8.15/byte-buddy-1.8.15.jar:/Users/ahmadyawari/.m2/repository/net/bytebuddy/byte-buddy-agent/1.8.15/byte-buddy-agent-1.8.15.jar:/Users/ahmadyawari/.m2/repository/org/objenesis/objenesis/2.6/objenesis-2.6.jar:"/>
    <property name="sun.cpu.endian" value="little"/>
    <property name="user.home" value="/Users/ahmadyawari"/>
    <property name="user.language" value="en"/>
    <property name="java.specification.vendor" value="Oracle Corporation"/>
    <property name="java.version.date" value="2024-01-16"/>
    <property name="java.home" value="/Library/Java/JavaVirtualMachines/jdk-21.jdk/Contents/Home"/>
    <property name="file.separator" value="/"/>
    <property name="basedir" value="/Users/ahmadyawari/Desktop/Uni/AUTUMN 2024/ISD/IoTBay"/>
    <property name="java.vm.compressedOopsMode" value="Zero based"/>
    <property name="line.separator" value="&#10;"/>
    <property name="java.vm.specification.vendor" value="Oracle Corporation"/>
    <property name="java.specification.name" value="Java Platform API Specification"/>
    <property name="apple.awt.application.name" value="ForkedBooter"/>
    <property name="surefire.real.class.path" value="/Users/ahmadyawari/Desktop/Uni/AUTUMN 2024/ISD/IoTBay/target/surefire/surefirebooter15351125675652640189.jar"/>
    <property name="sun.management.compiler" value="HotSpot 64-Bit Tiered Compilers"/>
    <property name="ftp.nonProxyHosts" value="local|*.local|169.254/16|*.169.254/16"/>
    <property name="java.runtime.version" value="21.0.2+13-LTS-58"/>
    <property name="user.name" value="ahmadyawari"/>
    <property name="stdout.encoding" value="UTF-8"/>
    <property name="path.separator" value=":"/>
    <property name="os.version" value="14.3.1"/>
    <property name="java.runtime.name" value="Java(TM) SE Runtime Environment"/>
    <property name="file.encoding" value="UTF-8"/>
    <property name="java.vm.name" value="Java HotSpot(TM) 64-Bit Server VM"/>
    <property name="localRepository" value="/Users/ahmadyawari/.m2/repository"/>
    <property name="java.vendor.url.bug" value="https://bugreport.java.com/bugreport/"/>
    <property name="java.io.tmpdir" value="/var/folders/x8/q50jv9zs0p97kgwwnjln00pm0000gn/T/"/>
    <property name="java.version" value="21.0.2"/>
    <property name="user.dir" value="/Users/ahmadyawari/Desktop/Uni/AUTUMN 2024/ISD/IoTBay"/>
    <property name="os.arch" value="aarch64"/>
    <property name="java.vm.specification.name" value="Java Virtual Machine Specification"/>
    <property name="native.encoding" value="UTF-8"/>
    <property name="java.library.path" value="/Users/ahmadyawari/Library/Java/Extensions:/Library/Java/Extensions:/Network/Library/Java/Extensions:/System/Library/Java/Extensions:/usr/lib/java:."/>
    <property name="java.vm.info" value="mixed mode, sharing"/>
    <property name="stderr.encoding" value="UTF-8"/>
    <property name="java.vendor" value="Oracle Corporation"/>
    <property name="java.vm.version" value="21.0.2+13-LTS-58"/>
    <property name="sun.io.unicode.encoding" value="UnicodeBig"/>
    <property name="socksNonProxyHosts" value="local|*.local|169.254/16|*.169.254/16"/>
    <property name="java.class.version" value="65.0"/>
  </properties>
  <testcase name="testAdd" classname="uts.unit.CalculatorTest" time="0.004"/>
  <testcase name="testMul" classname="uts.unit.CalculatorTest" time="0"/>
  <testcase name="testPow" classname="uts.unit.CalculatorTest" time="0.001"/>
  <testcase name="testSub" classname="uts.unit.CalculatorTest" time="0"/>
  <testcase name="evaluatesExpression" classname="uts.unit.CalculatorTest" time="0"/>
</testsuite>